This is pdfTeX, Version 3.14159-14h-released-20010417 (Web2C 7.3.3.1) (format=pdflatex 2003.7.3)  28 APR 2004 10:56
**salenv_tutorial.tex
(./salenv_tutorial.tex{/csl/tetex/share/texmf/pdftex/config/pdftex.cfg}
LaTeX2e <1998/12/01> patch level 1
Babel <v3.6x> and hyphenation patterns for american, french, german, ngerman, n
ohyphenation, loaded.
(/csl/tetex/share/texmf/tex/latex/sritex/cslreport.cls
Document Class: cslreport 2001/04/05 SRI Computer Science Lab report class
(/csl/tetex/share/texmf/tex/latex/graphics/graphicx.sty
Package: graphicx 1999/02/16 v1.0f Enhanced LaTeX Graphics (DPC,SPQR)

(/csl/tetex/share/texmf/tex/latex/graphics/keyval.sty
Package: keyval 1999/03/16 v1.13 key=value parser (DPC)
\KV@toks@=\toks14
)
(/csl/tetex/share/texmf/tex/latex/graphics/graphics.sty
Package: graphics 1999/02/16 v1.0l Standard LaTeX Graphics (DPC,SPQR)

(/csl/tetex/share/texmf/tex/latex/graphics/trig.sty
Package: trig 1999/03/16 v1.09 sin cos tan (DPC)
)
(/csl/tetex/share/texmf/tex/latex/config/graphics.cfg)
Package graphics Info: Driver file: pdftex.def on input line 80.

(/csl/tetex/share/texmf/tex/latex/graphics/pdftex.def
File: pdftex.def 2000/06/16 v0.03a graphics/color for pdftex
\Gread@gobject=\count79
))
\Gin@req@height=\dimen102
\Gin@req@width=\dimen103
)
(/csl/tetex/share/texmf/tex/latex/graphics/color.sty
Package: color 1999/02/16 v1.0i Standard LaTeX Color (DPC)

(/csl/tetex/share/texmf/tex/latex/config/color.cfg)
Package color Info: Driver file: pdftex.def on input line 125.

(/csl/tetex/share/texmf/tex/latex/graphics/dvipsnam.def
File: dvipsnam.def 1999/02/16 v3.0i Driver-dependant file (DPC,SPQR)
))
(/csl/tetex/share/texmf/tex/latex/psnfss/helvetic.sty
Package: helvetic 1995/08/12 1 PSNFSS LaTeX2e package loading Helvetica-Oblique

)
(/csl/tetex/share/texmf/tex/latex/base/report.cls
Document Class: report 1999/01/07 v1.4a Standard LaTeX document class
(/csl/tetex/share/texmf/tex/latex/base/fleqn.clo
File: fleqn.clo 1998/08/17 v1.1c Standard LaTeX option (flush left equations)
\mathindent=\dimen104
)
(/csl/tetex/share/texmf/tex/latex/base/size10.clo
File: size10.clo 1999/01/07 v1.4a Standard LaTeX file (size option)
)
\c@part=\count80
\c@chapter=\count81
\c@section=\count82
\c@subsection=\count83
\c@subsubsection=\count84
\c@paragraph=\count85
\c@subparagraph=\count86
\c@figure=\count87
\c@table=\count88
\abovecaptionskip=\skip41
\belowcaptionskip=\skip42
\bibindent=\dimen105
)
\csltitle@topmargin=\dimen106
\csltitle@leftmargin=\dimen107
\csltitle@textwidth=\dimen108
)
(/csl/tetex/share/texmf/tex/latex/hyperref/hyperref.sty
Package: hyperref 2000/11/05 v6.71a Hypertext links for LaTeX
\@linkdim=\dimen109
\Hy@linkcounter=\count89
\Hy@pagecounter=\count90

(/csl/tetex/share/texmf/tex/latex/hyperref/pd1enc.def
File: pd1enc.def 2000/11/05 v6.71a Hyperref: PDFDocEncoding definition (HO)
)
Package hyperref Info: Option `bookmarks' set `true' on input line 1603.
Package hyperref Info: Option `hyperindex' set `true' on input line 1603.
Package hyperref Info: Option `colorlinks' set `true' on input line 1603.


Package hyperref Warning: Unexpected value `true'
(hyperref)                of option `backref' instead of
(hyperref)                `section', `slide', `page', `none',
(hyperref)                or `false' on input line 1603.

Package hyperref Info: Bookmarks ON on input line 1661.
Package hyperref Info: Hyper figures OFF on input line 1680.
Package hyperref Info: Link nesting OFF on input line 1685.
Package hyperref Info: Hyper index ON on input line 1688.
Package hyperref Info: Plain pages ON on input line 1693.
Package hyperref Info: Backreferencing ON on input line 1698.
Implicit mode ON; LaTeX internals redefined
(/csl/tetex/share/texmf/tex/latex/hyperref/backref.sty
Package: backref 2000/01/19 v1.19 Bibliographical back referencing
)
(/csl/tetex/share/texmf/tex/latex/html/url.sty
Package: url 1999/03/02  ver 1.4  Verb mode for urls, email addresses, and file
 names
)
LaTeX Info: Redefining \url on input line 1905.
\Fld@menulength=\count91
\Field@Width=\dimen110
\Fld@charsize=\dimen111
\Choice@toks=\toks15
\Field@toks=\toks16
Package hyperref Info: Hyper figures OFF on input line 2351.
Package hyperref Info: Link nesting OFF on input line 2356.
Package hyperref Info: Hyper index ON on input line 2359.
Package hyperref Info: backreferencing ON on input line 2364.
Package hyperref Info: Link coloring ON on input line 2369.
\c@Item=\count92
\c@Hfootnote=\count93
)
*hyperref using default driver hpdftex*
(/csl/tetex/share/texmf/tex/latex/hyperref/hpdftex.def
File: hpdftex.def 2000/11/05 v6.71a Hyperref driver for pdfTeX

(/csl/tetex/share/texmf/tex/latex/psnfss/pifont.sty
Package: pifont 1999/03/29 PSNFSS v.7.2 Pi font support : S Rahtz
LaTeX Font Info:    Try loading font information for U+pzd on input line 63.

(/csl/tetex/share/texmf/tex/latex/psnfss/upzd.fd
File: upzd.fd 1998/07/06 font definitions for U/pzd.
)
LaTeX Font Info:    Try loading font information for U+psy on input line 64.

(/csl/tetex/share/texmf/tex/latex/psnfss/upsy.fd
File: upsy.fd 1998/07/06 font definitions for U/psy.
))
\Fld@listcount=\count94
\@outlinefile=\write3
)
(/csl/tetex/share/texmf/tex/latex/misc/relsize.sty
Package: relsize 1999/01/13 ver 2.0a
)
(/csl/tetex/share/texmf/tex/latex/tools/enumerate.sty
Package: enumerate 1999/03/05 v3.00 enumerate extensions (DPC)
\@enLab=\toks17
)
(/csl/tetex/share/texmf/tex/latex/tools/xspace.sty
Package: xspace 1997/10/13 v1.06 Space after command names (DPC)
)
(/csl/tetex/share/texmf/tex/latex/tools/verbatim.sty
Package: verbatim 1997/04/30 v1.5k LaTeX2e package for verbatim enhancements
\every@verbatim=\toks18
\verbatim@line=\toks19
\verbatim@in@stream=\read1
)
(/csl/tetex/share/texmf/tex/latex/misc/moreverb.sty
Package: moreverb 1997/12/07 v2.2d.2 `more' verbatim facilities
\verbatim@out=\write4
\tab@position=\count95
\tab@size=\count96
\listing@line=\count97
)
(/csl/tetex/share/texmf/tex/latex/graphics/epsfig.sty
Package: epsfig 1999/02/16 v1.7a (e)psfig emulation (SPQR)
\epsfxsize=\dimen112
\epsfysize=\dimen113
)
(/csl/tetex/share/texmf/tex/latex/misc/rotating.sty
Package: rotating 1997/09/26, v2.13 Rotation package

(/csl/tetex/share/texmf/tex/latex/base/ifthen.sty
Package: ifthen 1999/01/07 v1.1a Standard LaTeX ifthen package (DPC)
)
\c@r@tfl@t=\count98
\rot@float@box=\box26
)
(/csl/tetex/share/texmf/tex/latex/base/latexsym.sty
Package: latexsym 1998/08/17 v2.2e Standard LaTeX package (lasy symbols)
\symlasy=\mathgroup4
LaTeX Font Info:    Overwriting symbol font `lasy' in version `bold'
(Font)                  U/lasy/m/n --> U/lasy/b/n on input line 29.
)
(/csl/tetex/share/texmf/tex/latex/amslatex/amsmath.sty
Package: amsmath 1997/03/20 v1.2d AMS math features
\@mathmargin=\skip43

(/csl/tetex/share/texmf/tex/latex/amslatex/amstext.sty
Package: amstext 1996/10/28 v1.2b

(/csl/tetex/share/texmf/tex/latex/amslatex/amsgen.sty
File: amsgen 1996/10/29 v1.2b
\@emptytoks=\toks20
\ex@=\dimen114
))
(/csl/tetex/share/texmf/tex/latex/amslatex/amsbsy.sty
Package: amsbsy 1996/10/28 v1.2b
\pmbraise@=\dimen115
)
(/csl/tetex/share/texmf/tex/latex/amslatex/amsopn.sty
Package: amsopn 1996/10/28 v1.2b operator names
)
LaTeX Info: Redefining \frac on input line 188.
\uproot@=\count99
\leftroot@=\count100
\classnum@=\count101
\DOTSCASE@=\count102
LaTeX Info: Redefining \dots on input line 335.
LaTeX Info: Redefining \ldots on input line 418.
LaTeX Info: Redefining \cdots on input line 422.
\Mathstrutbox@=\box27
\strutbox@=\box28
\big@size=\dimen116
LaTeX Font Info:    Redeclaring font encoding OML on input line 500.
LaTeX Font Info:    Redeclaring font encoding OMS on input line 501.
\skewcharcount@=\count103
\familycount@=\count104
\pointcount@=\count105
\accentdimen@=\dimen117
\accentmu@=\count106
\minaw@=\dimen118
\c@MaxMatrixCols=\count107
\dotsspace@=\muskip10
\c@parentequation=\count108
\dspbrk@lvl=\count109
\tag@help=\toks21
\row@=\count110
\column@=\count111
\maxfields@=\count112
\andhelp@=\toks22
\eqnshift@=\dimen119
\alignsep@=\dimen120
\tagshift@=\dimen121
\tagwidth@=\dimen122
\totwidth@=\dimen123
\lineht@=\dimen124
\@envbody=\toks23
\multlinegap=\skip44
\multlinetaggap=\skip45
)
(/csl/tetex/share/texmf/tex/latex/amsfonts/amssymb.sty
Package: amssymb 1996/11/03 v2.2b

(/csl/tetex/share/texmf/tex/latex/amsfonts/amsfonts.sty
Package: amsfonts 1997/09/17 v2.2e
\symAMSa=\mathgroup5
\symAMSb=\mathgroup6
LaTeX Font Info:    Overwriting math alphabet `\mathfrak' in version `bold'
(Font)                  U/euf/m/n --> U/euf/b/n on input line 133.
))
(/csl/tetex/share/texmf/tex/latex/amsfonts/eucal.sty
Package: eucal 1995/01/06 v2.2 Euler Script fonts
LaTeX Font Info:    Overwriting math alphabet `\EuScript' in version `bold'
(Font)                  U/eus/m/n --> U/eus/b/n on input line 47.
)
(/csl/tetex/share/texmf/tex/latex/base/alltt.sty
Package: alltt 1997/06/16 v2.0g defines alltt environment
)
(/csl/tetex/share/texmf/tex/latex/misc/boxedminipage.sty) (./prelude.sty
\hsbw=\skip46
\c@sessioncount=\count113
\sblen=\skip47
\overhang=\skip48
)
(./salenv_tutorial.aux)
\openout1 = `salenv_tutorial.aux'.

LaTeX Font Info:    Checking defaults for OML/cmm/m/it on input line 32.
LaTeX Font Info:    ... okay on input line 32.
LaTeX Font Info:    Checking defaults for T1/cmr/m/n on input line 32.
LaTeX Font Info:    ... okay on input line 32.
LaTeX Font Info:    Checking defaults for OT1/cmr/m/n on input line 32.
LaTeX Font Info:    ... okay on input line 32.
LaTeX Font Info:    Checking defaults for OMS/cmsy/m/n on input line 32.
LaTeX Font Info:    ... okay on input line 32.
LaTeX Font Info:    Checking defaults for OMX/cmex/m/n on input line 32.
LaTeX Font Info:    ... okay on input line 32.
LaTeX Font Info:    Checking defaults for U/cmr/m/n on input line 32.
LaTeX Font Info:    ... okay on input line 32.
LaTeX Font Info:    Checking defaults for PD1/pdf/m/n on input line 32.
LaTeX Font Info:    ... okay on input line 32.
 (/csl/tetex/share/texmf/tex/context/base/supp-pdf.tex
(/csl/tetex/share/texmf/tex/context/base/supp-mis.tex
loading : Context Support Macros / Missing
\protectiondepth=\count114
\scratchcounter=\count115
\scratchdimen=\dimen125
\scratchskip=\skip49
\scratchmuskip=\muskip11
\scratchbox=\box29
\scratchread=\read2
\scratchwrite=\write5
\nextbox=\box30
\nextdepth=\dimen126
\everyline=\toks24
\!!counta=\count116
\!!countb=\count117
\recursecounter=\count118
)
loading : Context Support Macros / PDF
\nofMPsegments=\count119
\nofMParguments=\count120
)
Package hyperref Info: Link coloring ON on input line 32.
 (/csl/tetex/share/texmf/tex/latex/hyperref/nameref.sty
Package: nameref 2000/05/08 v2.18 Cross-referencing by name of section
\c@section@level=\count121
)
(./salenv_tutorial.out) (./salenv_tutorial.out)
\openout3 = `salenv_tutorial.out'.

LaTeX Info: Redefining \ref on input line 32.
LaTeX Info: Redefining \pageref on input line 32.
LaTeX Font Info:    Try loading font information for OT1+phv on input line 34.

(/csl/tetex/share/texmf/tex/latex/psnfss/ot1phv.fd
File: ot1phv.fd 1998/07/06 Fontinst v1.800 font definitions for OT1/phv.
)
<SRIInternational.pdf 521.95pt, 55.20625pt, image 75>
File: SRIInternational.pdf Graphic file (type pdf)

<use SRIInternational.pdf>
LaTeX Font Info:    Try loading font information for U+lasy on input line 34.
 (/csl/tetex/share/texmf/tex/latex/base/ulasy.fd
File: ulasy.fd 1998/08/17 v2.2eLaTeX symbol font definitions
)
LaTeX Font Info:    Try loading font information for U+msa on input line 34.

(/csl/tetex/share/texmf/tex/latex/amsfonts/umsa.fd
File: umsa.fd 1995/01/05 v2.2e AMS font definitions
)
LaTeX Font Info:    Try loading font information for U+msb on input line 34.

(/csl/tetex/share/texmf/tex/latex/amsfonts/umsb.fd
File: umsb.fd 1995/01/05 v2.2e AMS font definitions
)
<srilogo.pdf 538.01pt, 379.4175pt, image 76>
File: srilogo.pdf Graphic file (type pdf)
 <use srilogo.pdf>
\top@raise=\dimen127
\bot@raise=\dimen128

Overfull \hbox (40.29497pt too wide) in paragraph at lines 34--35
[]| $[]$ 
 []

[1

{/csl/tetex/share/texmf/dvips/config/pdftex.map
Warning: pdflatex (file /csl/tetex/share/texmf/dvips/config/pdftex.map): invali
d entry for `hlcbot8rn': too big value of ExtendFont (850)

Warning: pdflatex (file /csl/tetex/share/texmf/dvips/config/pdftex.map): invali
d entry for `hlcbt8rn': too big value of ExtendFont (850)

Warning: pdflatex (file /csl/tetex/share/texmf/dvips/config/pdftex.map): invali
d entry for `hlcrot8rn': too big value of ExtendFont (850)

Warning: pdflatex (file /csl/tetex/share/texmf/dvips/config/pdftex.map): invali
d entry for `hlcrt8rn': too big value of ExtendFont (850)

Warning: pdflatex (file /csl/tetex/share/texmf/dvips/config/pdftex.map): invali
d entry for `hlsbot8rn': too big value of ExtendFont (850)

Warning: pdflatex (file /csl/tetex/share/texmf/dvips/config/pdftex.map): invali
d entry for `hlsbt8rn': too big value of ExtendFont (850)

Warning: pdflatex (file /csl/tetex/share/texmf/dvips/config/pdftex.map): invali
d entry for `hlsrot8rn': too big value of ExtendFont (850)

Warning: pdflatex (file /csl/tetex/share/texmf/dvips/config/pdftex.map): invali
d entry for `hlsrt8rn': too big value of ExtendFont (850)
} </csl/tetex/share/texmf/tex/latex/sritex/SRIInternational.pdf> </csl/tetex/sh
are/texmf/tex/latex/sritex/srilogo.pdf>] (./salenv_tutorial.toc)
\tf@toc=\write6
\openout6 = `salenv_tutorial.toc'.

 [2

]
Chapter 1.
[3

]
Underfull \hbox (badness 10000) in paragraph at lines 73--73

 []


Underfull \hbox (badness 10000) in paragraph at lines 79--79

 []

[4]
Chapter 2.

Underfull \hbox (badness 10000) in paragraph at lines 101--101

 []

LaTeX Font Info:    Try loading font information for OMS+cmtt on input line 104
.
LaTeX Font Info:    No file OMScmtt.fd. on input line 104.

LaTeX Font Warning: Font shape `OMS/cmtt/m/n' undefined
(Font)              using `OMS/cmsy/m/n' instead
(Font)              for symbol `textbraceleft' on input line 104.

[5

]
Underfull \hbox (badness 10000) in paragraph at lines 163--163

 []


Underfull \hbox (badness 10000) in paragraph at lines 175--175

 []


Underfull \hbox (badness 10000) in paragraph at lines 182--182

 []


Underfull \hbox (badness 10000) in paragraph at lines 199--199

 []

[6]
Underfull \hbox (badness 10000) in paragraph at lines 228--228

 []


Underfull \hbox (badness 10000) in paragraph at lines 250--250

 []

[7]
Underfull \hbox (badness 10000) in paragraph at lines 265--265

 []


Underfull \hbox (badness 10000) in paragraph at lines 302--302

 []

[8]
Underfull \hbox (badness 10000) in paragraph at lines 325--325

 []

LaTeX Font Info:    Try loading font information for OMS+cmr on input line 339.

(/csl/tetex/share/texmf/tex/latex/base/omscmr.fd
File: omscmr.fd 1998/03/27 v2.5g Standard LaTeX font definitions
)
LaTeX Font Info:    Font shape `OMS/cmr/m/n' in size <10> not available
(Font)              Font shape `OMS/cmsy/m/n' tried instead on input line 339.
 [9]
Underfull \hbox (badness 10000) in paragraph at lines 365--365

 []


Underfull \hbox (badness 10000) in paragraph at lines 375--375

 []


Underfull \hbox (badness 10000) in paragraph at lines 387--387

 []


Underfull \hbox (badness 10000) in paragraph at lines 398--398

 []

[10]
Chapter 3.

Underfull \hbox (badness 10000) in paragraph at lines 428--428

 []

[11

]
Underfull \hbox (badness 10000) in paragraph at lines 463--463

 []


Underfull \hbox (badness 10000) in paragraph at lines 476--476

 []

[12]
Underfull \hbox (badness 10000) in paragraph at lines 486--486

 []


Underfull \hbox (badness 10000) in paragraph at lines 514--514

 []


Underfull \hbox (badness 10000) in paragraph at lines 525--525

 []


Underfull \hbox (badness 10000) in paragraph at lines 531--531

 []


Underfull \hbox (badness 10000) in paragraph at lines 539--539

 []

[13]
Underfull \hbox (badness 10000) in paragraph at lines 550--550

 []


Underfull \hbox (badness 10000) in paragraph at lines 562--562

 []


Underfull \hbox (badness 10000) in paragraph at lines 571--571

 []


Underfull \hbox (badness 10000) in paragraph at lines 579--579

 []


Underfull \hbox (badness 10000) in paragraph at lines 599--599

 []


Underfull \hbox (badness 10000) in paragraph at lines 610--610

 []

[14]
Underfull \hbox (badness 10000) in paragraph at lines 617--617

 []

[15]
Chapter 4.

Underfull \hbox (badness 10000) in paragraph at lines 647--647

 []

[16

]
Underfull \hbox (badness 10000) in paragraph at lines 687--687

 []

[17] [18]
Underfull \hbox (badness 10000) in paragraph at lines 744--744

 []


Underfull \hbox (badness 10000) in paragraph at lines 774--774

 []

[19]
Underfull \hbox (badness 10000) in paragraph at lines 801--801

 []


Underfull \hbox (badness 10000) in paragraph at lines 815--815

 []


Underfull \hbox (badness 10000) in paragraph at lines 828--828

 []

[20]
Underfull \hbox (badness 10000) in paragraph at lines 864--864

 []


Underfull \hbox (badness 10000) in paragraph at lines 875--875

 []

[21]
Underfull \hbox (badness 10000) in paragraph at lines 886--886

 []


Underfull \hbox (badness 10000) in paragraph at lines 901--901

 []


Underfull \hbox (badness 10000) in paragraph at lines 919--922
[]/cmr10/Dynamic vari-able re-order-ing is not en-abled, but the op-tion
 []


Underfull \hbox (badness 10000) in paragraph at lines 930--930

 []


Underfull \hbox (badness 10000) in paragraph at lines 940--940

 []

[22]
Underfull \hbox (badness 10000) in paragraph at lines 948--948

 []


Underfull \hbox (badness 10000) in paragraph at lines 966--966

 []


Underfull \hbox (badness 10000) in paragraph at lines 975--975

 []


Underfull \hbox (badness 10000) in paragraph at lines 989--989

 []


Underfull \hbox (badness 10000) in paragraph at lines 998--998

 []

[23]
Chapter 5.

Underfull \hbox (badness 10000) in paragraph at lines 1024--1024

 []

[24

]
Underfull \hbox (badness 10000) in paragraph at lines 1046--1046

 []


Underfull \hbox (badness 10000) in paragraph at lines 1084--1084

 []

[25]
Underfull \hbox (badness 10000) in paragraph at lines 1135--1135

 []

[26]
Underfull \hbox (badness 10000) in paragraph at lines 1142--1142

 []


Underfull \hbox (badness 10000) in paragraph at lines 1148--1148

 []


Underfull \hbox (badness 10000) in paragraph at lines 1157--1157

 []


Underfull \hbox (badness 10000) in paragraph at lines 1174--1174

 []


Underfull \hbox (badness 10000) in paragraph at lines 1185--1185

 []


Underfull \hbox (badness 10000) in paragraph at lines 1198--1198

 []

[27]
Underfull \hbox (badness 10000) in paragraph at lines 1207--1207

 []


Underfull \hbox (badness 1092) in paragraph at lines 1214--1216
[]/cmr10/It is im-por-tant to ob-server that the pre-vi-ous proof is only valid
 if the prop-
 []


Underfull \hbox (badness 10000) in paragraph at lines 1217--1217

 []

[28] (./salenv_tutorial.aux)

LaTeX Font Warning: Some font shapes were not available, defaults substituted.

 ) 
Here is how much of TeX's memory you used:
 3995 strings out of 61012
 52468 string characters out of 1065611
 108758 words of memory out of 1263001
 6799 multiletter control sequences out of 10000+0
 23476 words of font info for 74 fonts, out of 400000 for 1000
 14 hyphenation exceptions out of 1000
 32i,12n,41p,231b,624s stack positions out of 300i,100n,500p,50000b,4000s
</csl/tetex/share/texmf/fonts/type1/bluesky/cm/cmmi10.pfb></csl/tetex/share/t
exmf/fonts/type1/bluesky/cm/cmti10.pfb></csl/tetex/share/texmf/fonts/type1/blue
sky/cm/cmsy10.pfb></csl/tetex/share/texmf/fonts/type1/bluesky/cm/cmsy9.pfb></cs
l/tetex/share/texmf/fonts/type1/bluesky/cm/cmr8.pfb></csl/tetex/share/texmf/fon
ts/type1/bluesky/cm/cmtt9.pfb></csl/tetex/share/texmf/fonts/type1/bluesky/cm/cm
sl10.pfb></csl/tetex/share/texmf/fonts/type1/bluesky/cm/cmtt10.pfb></csl/tetex/
share/texmf/fonts/type1/bluesky/cm/cmr10.pfb></csl/tetex/share/texmf/fonts/type
1/bluesky/cm/cmbx10.pfb></csl/tetex/share/texmf/fonts/type1/bluesky/cm/cmbx12.p
fb></csl/tetex/share/texmf/fonts/type1/bluesky/cm/cmsy8.pfb>{/csl/tetex/share/t
exmf/dvips/base/8r.enc}
Output written on salenv_tutorial.pdf (28 pages, 181001 bytes).
